28/02/2020 09:28:05 Correcto: Venta 702-9516964-9266645 importada correctamente con el pedido 320075
28/02/2020 09:28:07 Correcto: Venta 701-7396946-3519425 importada correctamente con el pedido 320076
28/02/2020 09:28:09 Correcto: Venta 702-3719319-2139454 importada correctamente con el pedido 320077
28/02/2020 09:28:12 Correcto: Venta 701-4949244-6655449 importada correctamente con el pedido 320078
28/02/2020 09:28:14 Correcto: Venta 701-6644375-1190625 importada correctamente con el pedido 320079
28/02/2020 09:28:16 Correcto: Venta 702-7795195-0729828 importada correctamente con el pedido 320081
28/02/2020 09:28:19 Correcto: Venta 701-8244252-7315405 importada correctamente con el pedido 320082
28/02/2020 09:28:21 Correcto: Venta 702-1799242-5075448 importada correctamente con el pedido 320083
28/02/2020 09:28:24 Correcto: Venta 702-3377433-2617841 importada correctamente con el pedido 320084
28/02/2020 09:28:26 Correcto: Venta 701-5490477-2581038 importada correctamente con el pedido 320085
28/02/2020 09:28:29 Correcto: Venta 701-1363505-0260261 importada correctamente con el pedido 320086
28/02/2020 09:28:31 Correcto: Venta 701-3091757-6855401 importada correctamente con el pedido 320087
28/02/2020 09:28:33 Correcto: Venta 702-5542634-3029039 importada correctamente con el pedido 320088
28/02/2020 09:28:36 Correcto: Venta 702-7039133-9265815 importada correctamente con el pedido 320089
28/02/2020 09:28:38 Correcto: Venta 702-2179525-5698655 importada correctamente con el pedido 320090
28/02/2020 09:28:41 Correcto: Venta 702-6359679-9594666 importada correctamente con el pedido 320091
28/02/2020 09:28:43 Correcto: Venta 702-2184107-5969841 importada correctamente con el pedido 320093
28/02/2020 09:28:45 Correcto: Venta 701-1588632-8489810 importada correctamente con el pedido 320094
28/02/2020 09:28:48 Correcto: Venta 701-3143526-3595423 importada correctamente con el pedido 320095
28/02/2020 09:28:48 Error: No se encontró el codigo 888462500746-gris para la venta 701-7970510-6645005.
28/02/2020 09:28:48 Error: No se encontró el codigo 888462500746-gris para la venta 701-9843836-9763430.
28/02/2020 09:28:50 Correcto: Venta 701-0543087-2185068 importada correctamente con el pedido 320096
28/02/2020 09:28:51 Error: No hay suficiente existencia para procesar la venta 701-2732214-1389847 , codigo del producto 885909950669SS, creación cancelada.
28/02/2020 09:28:51 Error: No hay suficiente existencia para procesar la venta 702-0235502-3875466 , codigo del producto 884116277361, creación cancelada.
28/02/2020 09:28:52 Error: No hay suficiente existencia para procesar la venta 701-8197408-5890648 , codigo del producto 884116277361, creación cancelada.
28/02/2020 09:28:53 Error: No hay suficiente existencia para procesar la venta 701-2980226-8768207 , codigo del producto 884116277361, creación cancelada.
28/02/2020 09:28:53 Error: No hay suficiente existencia para procesar la venta 701-0736018-7276228 , codigo del producto 884116277361, creación cancelada.
28/02/2020 09:28:56 Correcto: Venta 701-5972172-9070613 importada correctamente con el pedido 320097
28/02/2020 09:28:58 Correcto: Venta 701-7541895-4318611 importada correctamente con el pedido 320098
28/02/2020 09:29:00 Correcto: Venta 702-9833952-4367423 importada correctamente con el pedido 320099
28/02/2020 09:29:02 Correcto: Venta 702-9536566-5878669 importada correctamente con el pedido 320100
28/02/2020 09:29:05 Correcto: Venta 701-8271135-0505029 importada correctamente con el pedido 320101
28/02/2020 09:29:08 Correcto: Venta 701-5919933-7371438 importada correctamente con el pedido 320102
28/02/2020 09:29:10 Correcto: Venta 702-2000265-0847453 importada correctamente con el pedido 320103
28/02/2020 09:29:12 Correcto: Venta 701-3860928-1464269 importada correctamente con el pedido 320104
28/02/2020 09:29:15 Correcto: Venta 701-8604512-5492219 importada correctamente con el pedido 320105
28/02/2020 09:29:17 Correcto: Venta 702-8478643-5409000 importada correctamente con el pedido 320106
28/02/2020 09:29:20 Correcto: Venta 701-2663154-8613806 importada correctamente con el pedido 320107
28/02/2020 09:29:22 Correcto: Venta 701-6265055-6525809 importada correctamente con el pedido 320108
28/02/2020 09:29:25 Correcto: Venta 702-6542522-4628264 importada correctamente con el pedido 320109
28/02/2020 09:29:27 Correcto: Venta 701-5827212-3974657 importada correctamente con el pedido 320110
28/02/2020 09:29:30 Correcto: Venta 701-4462579-6138612 importada correctamente con el pedido 320111
28/02/2020 09:29:32 Correcto: Venta 701-7771873-0879466 importada correctamente con el pedido 320113
28/02/2020 09:29:35 Correcto: Venta 701-7853907-8937852 importada correctamente con el pedido 320114
28/02/2020 09:29:37 Correcto: Venta 701-3762555-1529845 importada correctamente con el pedido 320116
28/02/2020 09:29:40 Correcto: Venta 701-4602494-2517849 importada correctamente con el pedido 320117
28/02/2020 09:29:43 Correcto: Venta 702-2969273-5693043 importada correctamente con el pedido 320118
28/02/2020 09:29:45 Correcto: Venta 701-8126700-4903467 importada correctamente con el pedido 320119
28/02/2020 09:29:48 Correcto: Venta 701-9298875-9404207 importada correctamente con el pedido 320120
28/02/2020 09:29:51 Correcto: Venta 702-2529905-9189809 importada correctamente con el pedido 320121
28/02/2020 09:29:51 Error: No hay suficiente existencia para procesar la venta 701-5855680-2433841 , codigo del producto 878615087897, creación cancelada.
28/02/2020 09:29:52 Error: No hay suficiente existencia para procesar la venta 702-2641338-8045015 , codigo del producto 878615087897, creación cancelada.
28/02/2020 09:29:54 Correcto: Venta 702-4775204-2847465 importada correctamente con el pedido 320122
28/02/2020 09:29:54 Error: No hay suficiente existencia para procesar la venta 702-8812681-2522640 , codigo del producto 813784021655, creación cancelada.
28/02/2020 09:29:55 Error: No hay suficiente existencia para procesar la venta 702-3199895-6016207 , codigo del producto 813784021655, creación cancelada.
28/02/2020 09:29:55 Error: No se encontró el codigo 748827808330-RR para la venta 701-3816360-2189049.
28/02/2020 09:29:55 Error: No se encontró el codigo 748827808330-RR para la venta 701-9968156-8555461.
28/02/2020 09:29:58 Correcto: Venta 701-8596841-1609802 importada correctamente con el pedido 320123
28/02/2020 09:30:00 Correcto: Venta 701-6927123-7108205 importada correctamente con el pedido 320124
28/02/2020 09:30:02 Correcto: Venta 701-4713344-7362658 importada correctamente con el pedido 320125
28/02/2020 09:30:04 Correcto: Venta 701-7189544-7994639 importada correctamente con el pedido 320126
28/02/2020 09:30:07 Correcto: Venta 701-9691206-5028214 importada correctamente con el pedido 320129
28/02/2020 09:30:09 Correcto: Venta 702-4030170-7794665 importada correctamente con el pedido 320130
28/02/2020 09:30:11 Correcto: Venta 701-2352909-1957047 importada correctamente con el pedido 320131
28/02/2020 09:30:14 Correcto: Venta 702-5497232-5559437 importada correctamente con el pedido 320132
28/02/2020 09:30:16 Correcto: Venta 702-7303541-2839407 importada correctamente con el pedido 320133
28/02/2020 09:30:18 Correcto: Venta 701-4863651-8715423 importada correctamente con el pedido 320134
28/02/2020 09:30:20 Correcto: Venta 702-5824477-4822651 importada correctamente con el pedido 320135
28/02/2020 09:30:23 Correcto: Venta 702-5904654-2170638 importada correctamente con el pedido 320136
28/02/2020 09:30:25 Correcto: Venta 702-6686168-0050619 importada correctamente con el pedido 320137
28/02/2020 09:30:27 Correcto: Venta 701-6915476-7493010 importada correctamente con el pedido 320138
28/02/2020 09:30:30 Correcto: Venta 702-4215271-4693012 importada correctamente con el pedido 320139
28/02/2020 09:30:32 Correcto: Venta 702-0574754-6195421 importada correctamente con el pedido 320140
28/02/2020 09:30:34 Correcto: Venta 701-9399714-8509833 importada correctamente con el pedido 320141
28/02/2020 09:30:36 Correcto: Venta 702-4478419-9904210 importada correctamente con el pedido 320142
28/02/2020 09:30:39 Correcto: Venta 701-0580499-0392269 importada correctamente con el pedido 320143
28/02/2020 09:30:41 Correcto: Venta 701-3322852-8449821 importada correctamente con el pedido 320144
28/02/2020 09:30:43 Correcto: Venta 701-2973878-9014641 importada correctamente con el pedido 320145
28/02/2020 09:30:46 Correcto: Venta 701-0376816-6250612 importada correctamente con el pedido 320146
28/02/2020 09:30:48 Correcto: Venta 702-2322117-9058629 importada correctamente con el pedido 320147
28/02/2020 09:30:50 Correcto: Venta 702-9847627-8030660 importada correctamente con el pedido 320148
28/02/2020 09:30:53 Correcto: Venta 701-6912031-5487422 importada correctamente con el pedido 320150
28/02/2020 09:30:55 Correcto: Venta 702-1209177-9233850 importada correctamente con el pedido 320151
28/02/2020 09:30:57 Correcto: Venta 701-4630725-5097057 importada correctamente con el pedido 320152
28/02/2020 09:30:59 Correcto: Venta 701-8681178-6005832 importada correctamente con el pedido 320153
28/02/2020 09:31:02 Correcto: Venta 702-6254322-7110600 importada correctamente con el pedido 320154
28/02/2020 09:31:04 Correcto: Venta 701-9245188-0465830 importada correctamente con el pedido 320155
28/02/2020 09:31:06 Correcto: Venta 702-6071522-6827419 importada correctamente con el pedido 320156
28/02/2020 09:31:09 Correcto: Venta 702-4440470-9453048 importada correctamente con el pedido 320157
28/02/2020 09:31:11 Correcto: Venta 701-8347009-4737860 importada correctamente con el pedido 320158
28/02/2020 09:31:14 Correcto: Venta 701-2754418-3785018 importada correctamente con el pedido 320159
28/02/2020 09:31:16 Correcto: Venta 701-6395658-0225860 importada correctamente con el pedido 320160
28/02/2020 09:31:18 Correcto: Venta 702-4017792-9329069 importada correctamente con el pedido 320161
28/02/2020 09:31:21 Correcto: Venta 702-8579341-8480225 importada correctamente con el pedido 320162
28/02/2020 09:31:23 Correcto: Venta 702-0404498-2688263 importada correctamente con el pedido 320163
28/02/2020 09:31:25 Correcto: Venta 701-9853734-3031453 importada correctamente con el pedido 320164
28/02/2020 09:31:26 Error: No hay suficiente existencia para procesar la venta 701-5655155-8773824 , codigo del producto 6941059615835, creación cancelada.
28/02/2020 09:31:28 Correcto: Venta 701-2453741-5831452 importada correctamente con el pedido 320165
28/02/2020 09:31:29 Error: No hay suficiente existencia para procesar la venta 702-7396181-6936212 , codigo del producto 640520098776, creación cancelada.
28/02/2020 09:31:31 Correcto: Venta 701-0658425-0261057 importada correctamente con el pedido 320166
28/02/2020 09:31:33 Correcto: Venta 701-5749405-0788240 importada correctamente con el pedido 320167
28/02/2020 09:31:36 Correcto: Venta 701-7175613-8013825 importada correctamente con el pedido 320168
28/02/2020 09:31:38 Correcto: Venta 701-6454228-3697866 importada correctamente con el pedido 320169
28/02/2020 09:31:41 Correcto: Venta 701-3039554-0224222 importada correctamente con el pedido 320170
28/02/2020 09:31:43 Correcto: Venta 701-2281397-5703425 importada correctamente con el pedido 320171
28/02/2020 09:31:46 Correcto: Venta 701-3247567-3114601 importada correctamente con el pedido 320172
28/02/2020 09:31:48 Correcto: Venta 701-7383927-3590643 importada correctamente con el pedido 320173
28/02/2020 09:31:51 Correcto: Venta 701-2693716-6517022 importada correctamente con el pedido 320174
28/02/2020 09:31:53 Correcto: Venta 702-3275531-4305850 importada correctamente con el pedido 320175
28/02/2020 09:31:56 Correcto: Venta 702-0481563-4049842 importada correctamente con el pedido 320176
28/02/2020 09:31:58 Correcto: Venta 701-9115713-2815420 importada correctamente con el pedido 320177
28/02/2020 09:32:01 Correcto: Venta 701-6944465-4318645 importada correctamente con el pedido 320178
28/02/2020 09:32:03 Correcto: Venta 701-1178290-5290623 importada correctamente con el pedido 320179
28/02/2020 09:32:06 Correcto: Venta 701-1605870-8732263 importada correctamente con el pedido 320180
28/02/2020 09:32:08 Correcto: Venta 702-6590992-0812226 importada correctamente con el pedido 320181
28/02/2020 09:32:11 Correcto: Venta 701-5360857-2061849 importada correctamente con el pedido 320182
28/02/2020 09:32:14 Correcto: Venta 701-8091087-1910608 importada correctamente con el pedido 320183
28/02/2020 09:32:16 Correcto: Venta 701-2811189-2108201 importada correctamente con el pedido 320184
28/02/2020 09:32:18 Correcto: Venta 702-7720259-0713850 importada correctamente con el pedido 320185
28/02/2020 09:32:21 Correcto: Venta 702-9663289-1858624 importada correctamente con el pedido 320186
28/02/2020 09:32:23 Correcto: Venta 702-3460476-2760210 importada correctamente con el pedido 320187
28/02/2020 09:32:26 Correcto: Venta 701-6236468-9491461 importada correctamente con el pedido 320188
28/02/2020 09:32:28 Correcto: Venta 701-4209005-1213055 importada correctamente con el pedido 320189
28/02/2020 09:32:30 Correcto: Venta 702-0560125-3981007 importada correctamente con el pedido 320190
28/02/2020 09:32:33 Correcto: Venta 701-4410795-4313844 importada correctamente con el pedido 320191
28/02/2020 09:32:35 Correcto: Venta 701-8709067-7891449 importada correctamente con el pedido 320192
28/02/2020 09:32:38 Correcto: Venta 701-2652376-2792246 importada correctamente con el pedido 320193
28/02/2020 09:32:41 Correcto: Venta 701-6562462-7354647 importada correctamente con el pedido 320194
28/02/2020 09:32:43 Correcto: Venta 702-6047785-4343429 importada correctamente con el pedido 320195
28/02/2020 09:32:46 Correcto: Venta 701-5528739-7445833 importada correctamente con el pedido 320196
28/02/2020 09:32:48 Correcto: Venta 701-2931390-8641024 importada correctamente con el pedido 320197
28/02/2020 09:32:51 Correcto: Venta 701-8497394-0766649 importada correctamente con el pedido 320198
28/02/2020 09:32:53 Correcto: Venta 702-2581518-2025031 importada correctamente con el pedido 320199
28/02/2020 09:32:56 Correcto: Venta 701-5851857-5961803 importada correctamente con el pedido 320200
28/02/2020 09:32:58 Correcto: Venta 701-7549004-8494629 importada correctamente con el pedido 320201
28/02/2020 09:33:00 Correcto: Venta 702-4640702-9541061 importada correctamente con el pedido 320202
28/02/2020 09:33:03 Correcto: Venta 702-7041716-5466614 importada correctamente con el pedido 320203
28/02/2020 09:33:06 Correcto: Venta 701-9349902-1714634 importada correctamente con el pedido 320204
28/02/2020 09:33:08 Correcto: Venta 701-9372324-3425005 importada correctamente con el pedido 320205
28/02/2020 09:33:11 Correcto: Venta 701-5047943-6211405 importada correctamente con el pedido 320206
28/02/2020 09:33:13 Correcto: Venta 701-3220418-6338606 importada correctamente con el pedido 320207
28/02/2020 09:33:15 Correcto: Venta 702-9015672-6457017 importada correctamente con el pedido 320208
28/02/2020 09:33:17 Correcto: Venta 701-8545659-2113810 importada correctamente con el pedido 320209
28/02/2020 09:33:20 Correcto: Venta 701-2013965-0225059 importada correctamente con el pedido 320210
28/02/2020 09:33:22 Correcto: Venta 701-7939672-0594602 importada correctamente con el pedido 320211
28/02/2020 09:33:24 Correcto: Venta 702-1413219-6212206 importada correctamente con el pedido 320212
28/02/2020 09:33:27 Correcto: Venta 701-2247932-4958639 importada correctamente con el pedido 320213
28/02/2020 09:33:30 Correcto: Venta 701-9104117-3765032 importada correctamente con el pedido 320214
28/02/2020 09:33:32 Correcto: Venta 702-8182881-9563404 importada correctamente con el pedido 320215
28/02/2020 09:33:34 Correcto: Venta 702-2791989-4188216 importada correctamente con el pedido 320216
28/02/2020 09:33:37 Correcto: Venta 701-2421796-2062643 importada correctamente con el pedido 320217
28/02/2020 09:33:39 Correcto: Venta 701-4541275-2130636 importada correctamente con el pedido 320218
28/02/2020 09:33:41 Correcto: Venta 702-9889465-4119410 importada correctamente con el pedido 320219
28/02/2020 09:33:44 Correcto: Venta 702-4480999-6271400 importada correctamente con el pedido 320220
28/02/2020 09:33:46 Correcto: Venta 702-5250356-0542616 importada correctamente con el pedido 320221
28/02/2020 09:33:49 Correcto: Venta 702-0269478-5309064 importada correctamente con el pedido 320222
28/02/2020 09:33:51 Correcto: Venta 702-1546260-4332220 importada correctamente con el pedido 320223
28/02/2020 09:33:54 Correcto: Venta 701-9537499-9230624 importada correctamente con el pedido 320224
28/02/2020 09:33:56 Correcto: Venta 701-7209177-2086606 importada correctamente con el pedido 320225
28/02/2020 09:33:59 Correcto: Venta 701-5540527-9309813 importada correctamente con el pedido 320226
28/02/2020 09:34:01 Correcto: Venta 701-9919656-7841069 importada correctamente con el pedido 320227
28/02/2020 09:34:04 Correcto: Venta 702-9529627-0076225 importada correctamente con el pedido 320228
28/02/2020 09:34:06 Correcto: Venta 701-0394576-1059420 importada correctamente con el pedido 320229
28/02/2020 09:34:09 Correcto: Venta 701-6814643-8263463 importada correctamente con el pedido 320230
28/02/2020 09:34:11 Correcto: Venta 701-9554436-5240245 importada correctamente con el pedido 320231
28/02/2020 09:34:14 Correcto: Venta 702-9476878-1735456 importada correctamente con el pedido 320232
28/02/2020 09:34:16 Correcto: Venta 701-8770695-1993853 importada correctamente con el pedido 320233
28/02/2020 09:34:18 Correcto: Venta 702-3068985-4469040 importada correctamente con el pedido 320234
28/02/2020 09:34:20 Correcto: Venta 701-6088458-5953861 importada correctamente con el pedido 320235
28/02/2020 09:34:23 Correcto: Venta 702-7298125-4773062 importada correctamente con el pedido 320236
28/02/2020 09:34:26 Correcto: Venta 701-6442521-7316255 importada correctamente con el pedido 320237
28/02/2020 09:34:28 Correcto: Venta 702-0321045-6886620 importada correctamente con el pedido 320238
28/02/2020 09:34:31 Correcto: Venta 701-5302748-1022643 importada correctamente con el pedido 320239
28/02/2020 09:34:33 Correcto: Venta 701-0218854-0759471 importada correctamente con el pedido 320240
28/02/2020 09:34:35 Correcto: Venta 701-1292088-1231426 importada correctamente con el pedido 320241
28/02/2020 09:34:38 Correcto: Venta 701-6294700-7385813 importada correctamente con el pedido 320242
28/02/2020 09:34:40 Correcto: Venta 701-7925542-8217041 importada correctamente con el pedido 320243
28/02/2020 09:34:42 Correcto: Venta 701-6514204-2750610 importada correctamente con el pedido 320244
28/02/2020 09:34:44 Correcto: Venta 702-4511351-3597024 importada correctamente con el pedido 320245
28/02/2020 09:34:46 Correcto: Venta 702-1695522-5016224 importada correctamente con el pedido 320246
28/02/2020 09:34:49 Correcto: Venta 702-5036432-8737012 importada correctamente con el pedido 320247
28/02/2020 09:34:51 Correcto: Venta 701-6688858-7921055 importada correctamente con el pedido 320249
28/02/2020 09:34:53 Correcto: Venta 702-7708820-8892220 importada correctamente con el pedido 320250
28/02/2020 09:34:55 Correcto: Venta 702-0785864-3243435 importada correctamente con el pedido 320251
28/02/2020 09:34:58 Correcto: Venta 701-5198192-7510620 importada correctamente con el pedido 320252
28/02/2020 09:35:00 Correcto: Venta 701-5114506-8250637 importada correctamente con el pedido 320253
28/02/2020 09:35:02 Correcto: Venta 701-9133059-5926653 importada correctamente con el pedido 320254
28/02/2020 09:35:05 Correcto: Venta 702-7460376-5585015 importada correctamente con el pedido 320255
28/02/2020 09:35:07 Correcto: Venta 701-1572869-6265851 importada correctamente con el pedido 320256
28/02/2020 09:35:09 Correcto: Venta 701-4792488-5695459 importada correctamente con el pedido 320257
28/02/2020 09:35:12 Correcto: Venta 702-6593008-4889005 importada correctamente con el pedido 320258
28/02/2020 09:35:14 Correcto: Venta 701-2889739-0437814 importada correctamente con el pedido 320259
28/02/2020 09:35:16 Correcto: Venta 702-8021754-9442631 importada correctamente con el pedido 320260
28/02/2020 09:35:19 Correcto: Venta 701-2062819-9309000 importada correctamente con el pedido 320261
28/02/2020 09:35:21 Correcto: Venta 702-1875101-4015402 importada correctamente con el pedido 320262
28/02/2020 09:35:24 Correcto: Venta 702-1036401-2108232 importada correctamente con el pedido 320263
28/02/2020 09:35:27 Correcto: Venta 702-9720886-3384260 importada correctamente con el pedido 320264
28/02/2020 09:35:29 Correcto: Venta 701-5030697-1464217 importada correctamente con el pedido 320265
28/02/2020 09:35:32 Correcto: Venta 702-4182779-5507427 importada correctamente con el pedido 320266
28/02/2020 09:35:34 Correcto: Venta 701-7044294-4523422 importada correctamente con el pedido 320267
28/02/2020 09:35:37 Correcto: Venta 702-1091729-9889832 importada correctamente con el pedido 320268
28/02/2020 09:35:39 Correcto: Venta 702-0033219-9577825 importada correctamente con el pedido 320269
28/02/2020 09:35:42 Correcto: Venta 702-1991455-9602652 importada correctamente con el pedido 320270
28/02/2020 09:35:45 Correcto: Venta 701-5967966-5876215 importada correctamente con el pedido 320271
28/02/2020 09:35:47 Correcto: Venta 701-5479948-5306641 importada correctamente con el pedido 320272
28/02/2020 09:35:50 Correcto: Venta 702-7806503-3934660 importada correctamente con el pedido 320273
28/02/2020 09:35:53 Correcto: Venta 701-9080710-8741858 importada correctamente con el pedido 320274
28/02/2020 09:35:55 Correcto: Venta 701-0077379-1552240 importada correctamente con el pedido 320275
28/02/2020 09:35:58 Correcto: Venta 701-5987253-5371453 importada correctamente con el pedido 320276
28/02/2020 09:36:00 Correcto: Venta 702-2465732-8865009 importada correctamente con el pedido 320277
28/02/2020 09:36:00 Error: La venta 702-9343889-1062642 ya se encuentra en el sistema, pedido: 229887.
28/02/2020 09:36:02 Correcto: Venta 702-1784863-9957809 importada correctamente con el pedido 320278
28/02/2020 09:36:05 Correcto: Venta 702-8778721-6808253 importada correctamente con el pedido 320279
28/02/2020 09:36:07 Correcto: Venta 701-5167449-5232209 importada correctamente con el pedido 320280
28/02/2020 09:36:08 Error: No hay suficiente existencia para procesar la venta 702-3972832-6893857 , codigo del producto 6941059625971, creación cancelada.
28/02/2020 09:36:10 Correcto: Venta 702-8261419-9765016 importada correctamente con el pedido 320281
28/02/2020 09:36:13 Correcto: Venta 702-0926188-1534626 importada correctamente con el pedido 320282
28/02/2020 09:36:15 Correcto: Venta 701-4934059-4005062 importada correctamente con el pedido 320283
28/02/2020 09:36:18 Correcto: Venta 701-6021092-6400239 importada correctamente con el pedido 320284
28/02/2020 09:36:20 Correcto: Venta 701-1091998-0230663 importada correctamente con el pedido 320285
28/02/2020 09:36:23 Correcto: Venta 701-6993534-9701833 importada correctamente con el pedido 320286
28/02/2020 09:36:25 Correcto: Venta 702-8201719-3942656 importada correctamente con el pedido 320287
28/02/2020 09:36:26 Error: La venta 702-8201719-3942656 ya se encuentra en el sistema, pedido: 320287.
28/02/2020 09:36:28 Correcto: Venta 702-4194722-1298627 importada correctamente con el pedido 320288
28/02/2020 09:36:31 Correcto: Venta 702-9667441-1773055 importada correctamente con el pedido 320289
28/02/2020 09:36:33 Correcto: Venta 702-5538923-6563449 importada correctamente con el pedido 320290
28/02/2020 09:36:36 Correcto: Venta 701-2284258-6367468 importada correctamente con el pedido 320291
28/02/2020 09:36:38 Correcto: Venta 702-2609941-6344265 importada correctamente con el pedido 320292
28/02/2020 09:36:41 Correcto: Venta 702-5705353-3507426 importada correctamente con el pedido 320293
28/02/2020 09:36:43 Correcto: Venta 702-0011688-7175414 importada correctamente con el pedido 320294
28/02/2020 09:36:46 Correcto: Venta 702-8060117-6351444 importada correctamente con el pedido 320295
28/02/2020 09:36:48 Correcto: Venta 702-2333233-8207431 importada correctamente con el pedido 320296
28/02/2020 09:36:50 Correcto: Venta 701-7947501-1281035 importada correctamente con el pedido 320297
28/02/2020 09:36:52 Correcto: Venta 701-4009042-2296246 importada correctamente con el pedido 320298
28/02/2020 09:36:55 Correcto: Venta 701-3556151-1516247 importada correctamente con el pedido 320299
28/02/2020 09:36:57 Correcto: Venta 702-5182299-8376252 importada correctamente con el pedido 320300
28/02/2020 09:36:59 Correcto: Venta 702-6252430-3415407 importada correctamente con el pedido 320301
28/02/2020 09:37:02 Correcto: Venta 701-3152311-5152229 importada correctamente con el pedido 320302
28/02/2020 09:37:04 Correcto: Venta 701-1709612-7347430 importada correctamente con el pedido 320303
28/02/2020 09:37:07 Correcto: Venta 702-8506464-0672204 importada correctamente con el pedido 320304
28/02/2020 09:37:09 Correcto: Venta 701-4273074-3326603 importada correctamente con el pedido 320305
28/02/2020 09:37:11 Correcto: Venta 701-7000852-1669827 importada correctamente con el pedido 320306
28/02/2020 09:37:14 Correcto: Venta 702-3826345-6157064 importada correctamente con el pedido 320307
28/02/2020 09:37:16 Correcto: Venta 701-7706605-0265821 importada correctamente con el pedido 320308
28/02/2020 09:37:19 Correcto: Venta 702-7210359-6667452 importada correctamente con el pedido 320309
28/02/2020 09:37:21 Correcto: Venta 701-6582939-7021863 importada correctamente con el pedido 320310
28/02/2020 09:37:23 Correcto: Venta 702-2131174-4685013 importada correctamente con el pedido 320311
28/02/2020 09:37:26 Correcto: Venta 702-3431243-6413822 importada correctamente con el pedido 320312
28/02/2020 09:37:29 Correcto: Venta 701-9618678-8745817 importada correctamente con el pedido 320313
28/02/2020 09:37:31 Correcto: Venta 702-8030422-3671406 importada correctamente con el pedido 320314
28/02/2020 09:37:33 Correcto: Venta 701-2313954-3540213 importada correctamente con el pedido 320315
28/02/2020 09:37:33 Error: No se encontró el codigo 887276308494 para la venta 702-8563053-4179406.
28/02/2020 09:37:36 Correcto: Venta 702-8373539-6130660 importada correctamente con el pedido 320316
28/02/2020 09:37:39 Correcto: Venta 702-3714589-9720264 importada correctamente con el pedido 320317
28/02/2020 09:37:41 Correcto: Venta 702-2130010-3881851 importada correctamente con el pedido 320318
28/02/2020 09:37:43 Correcto: Venta 701-2653182-4955467 importada correctamente con el pedido 320319
28/02/2020 09:37:46 Correcto: Venta 702-4822393-3694655 importada correctamente con el pedido 320320
28/02/2020 09:37:48 Correcto: Venta 701-6241498-4904226 importada correctamente con el pedido 320321
28/02/2020 09:37:51 Correcto: Venta 701-3137043-5357860 importada correctamente con el pedido 320322
28/02/2020 09:37:53 Correcto: Venta 701-3915873-8461859 importada correctamente con el pedido 320323
28/02/2020 09:37:56 Correcto: Venta 702-1141436-5507457 importada correctamente con el pedido 320324
28/02/2020 09:37:58 Correcto: Venta 701-9638320-2979462 importada correctamente con el pedido 320325
28/02/2020 09:38:00 Correcto: Venta 702-2481207-1667442 importada correctamente con el pedido 320326
28/02/2020 09:38:03 Correcto: Venta 701-9730936-6933061 importada correctamente con el pedido 320327
28/02/2020 09:38:05 Correcto: Venta 702-8288538-6225048 importada correctamente con el pedido 320328
28/02/2020 09:38:07 Correcto: Venta 702-1830471-5593831 importada correctamente con el pedido 320329
28/02/2020 09:38:09 Correcto: Venta 701-3360397-0310663 importada correctamente con el pedido 320330
28/02/2020 09:38:12 Correcto: Venta 702-4505752-6305818 importada correctamente con el pedido 320331
28/02/2020 09:38:13 Error: No hay suficiente existencia para procesar la venta 702-1928655-8311430 , codigo del producto 813784021327, creación cancelada.
28/02/2020 09:38:15 Correcto: Venta 701-1122981-7769851 importada correctamente con el pedido 320332
28/02/2020 09:38:17 Correcto: Venta 702-9793771-5539435 importada correctamente con el pedido 320333
28/02/2020 09:38:18 Error: No hay suficiente existencia para procesar la venta 702-5253631-4685046 , codigo del producto 813784021327, creación cancelada.
28/02/2020 09:38:18 Error: No hay suficiente existencia para procesar la venta 702-8293650-6386644 , codigo del producto 813784021327, creación cancelada.
28/02/2020 09:38:19 Error: No hay suficiente existencia para procesar la venta 702-2783387-3027407 , codigo del producto 813784021327, creación cancelada.
28/02/2020 09:38:19 Error: No hay suficiente existencia para procesar la venta 702-5952956-9699454 , codigo del producto 813784021327, creación cancelada.
28/02/2020 09:38:20 Error: No hay suficiente existencia para procesar la venta 702-9592948-2662639 , codigo del producto 813784021327, creación cancelada.
28/02/2020 09:38:20 Error: No hay suficiente existencia para procesar la venta 702-9878786-2335425 , codigo del producto 813784021327, creación cancelada.
28/02/2020 09:38:21 Error: No hay suficiente existencia para procesar la venta 702-2231679-4245844 , codigo del producto 813784021327, creación cancelada.
28/02/2020 09:38:21 Error: No hay suficiente existencia para procesar la venta 701-2233181-7340226 , codigo del producto 813784021327, creación cancelada.
28/02/2020 09:38:22 Error: No hay suficiente existencia para procesar la venta 701-2634464-2811411 , codigo del producto 813784021327, creación cancelada.
28/02/2020 09:38:23 Error: No hay suficiente existencia para procesar la venta 701-2007408-0776210 , codigo del producto 813784021327, creación cancelada.
28/02/2020 09:38:23 Error: No hay suficiente existencia para procesar la venta 701-3365544-2898600 , codigo del producto 813784021327, creación cancelada.
28/02/2020 09:38:24 Error: No hay suficiente existencia para procesar la venta 702-8203219-2229020 , codigo del producto 813784021327, creación cancelada.
28/02/2020 09:38:24 Error: No hay suficiente existencia para procesar la venta 701-8253749-0377832 , codigo del producto 813784021327, creación cancelada.
28/02/2020 09:38:25 Error: No hay suficiente existencia para procesar la venta 702-7352124-8217815 , codigo del producto 813784021327, creación cancelada.
28/02/2020 09:38:25 Error: No hay suficiente existencia para procesar la venta 701-7838059-7580205 , codigo del producto 813784021327, creación cancelada.
28/02/2020 09:38:26 Error: No hay suficiente existencia para procesar la venta 701-5922026-1044200 , codigo del producto 813784021327, creación cancelada.
28/02/2020 09:38:26 Error: No hay suficiente existencia para procesar la venta 702-2482130-7048233 , codigo del producto 813784021327, creación cancelada.
28/02/2020 09:38:27 Error: No hay suficiente existencia para procesar la venta 702-6399232-8381839 , codigo del producto 813784021327, creación cancelada.
28/02/2020 09:38:27 Error: No hay suficiente existencia para procesar la venta 701-2562105-2412253 , codigo del producto 813784021327, creación cancelada.
28/02/2020 09:38:28 Error: No hay suficiente existencia para procesar la venta 702-9771280-1260266 , codigo del producto 813784021327, creación cancelada.
28/02/2020 09:38:30 Correcto: Venta 702-1216374-4221040 importada correctamente con el pedido 320334
28/02/2020 09:38:32 Correcto: Venta 702-0291856-2366651 importada correctamente con el pedido 320335
