17/03/2020 18:04:39 Error: Venta inalambricos no encontrada en CRM.
17/03/2020 18:04:39 Error: Venta inalambricos no encontrada en CRM.
17/03/2020 18:04:40 Error: Venta vivo no encontrada en CRM.
17/03/2020 18:04:40 Error: Venta mouse no encontrada en CRM.
17/03/2020 18:04:40 Error: Venta inalambricos no encontrada en CRM.
17/03/2020 18:04:40 Error: Venta vivo no encontrada en CRM.
17/03/2020 18:04:41 Error: Venta vivo no encontrada en CRM.
17/03/2020 18:04:41 Error: Venta Audifonos no encontrada en CRM.
17/03/2020 18:04:41 Error: Venta descargables no encontrada en CRM.
17/03/2020 18:04:42 Error: Venta vivo no encontrada en CRM.
17/03/2020 18:04:42 Error: Venta Joy-con no encontrada en CRM.
17/03/2020 18:04:42 Error: Venta vivo no encontrada en CRM.
17/03/2020 18:04:42 Error: Venta descargables no encontrada en CRM.
17/03/2020 18:04:43 Error: Venta WIFI no encontrada en CRM.
17/03/2020 18:04:43 Error: Venta vivo no encontrada en CRM.
17/03/2020 18:04:43 Error: Venta Adaptador no encontrada en CRM.
17/03/2020 18:04:44 Error: Venta Audifonos no encontrada en CRM.
17/03/2020 18:04:44 Error: Venta vivo no encontrada en CRM.
17/03/2020 18:04:44 Error: Venta WIFI no encontrada en CRM.
17/03/2020 18:04:45 Error: Venta Bluetooth no encontrada en CRM.
17/03/2020 18:04:45 Error: Venta Descuento no encontrada en CRM.
17/03/2020 18:04:45 Error: Venta Bluetooth no encontrada en CRM.
17/03/2020 18:04:45 Error: Venta inalambricos no encontrada en CRM.
17/03/2020 18:04:46 Error: Venta 909242582 no encontrada en CRM.
17/03/2020 18:04:46 Error: Venta vivo no encontrada en CRM.
17/03/2020 18:04:46 Error: Venta 32Mpx no encontrada en CRM.
17/03/2020 18:04:47 Error: Venta 64GB no encontrada en CRM.
17/03/2020 18:04:47 Error: Venta Descuento no encontrada en CRM.
17/03/2020 18:04:47 Error: Venta 64GB no encontrada en CRM.
17/03/2020 18:04:48 Error: Venta vivo no encontrada en CRM.
17/03/2020 18:04:48 Error: Venta 64GB no encontrada en CRM.
17/03/2020 18:04:48 Error: Venta NFC no encontrada en CRM.
17/03/2020 18:04:48 Error: Venta inalambricos no encontrada en CRM.
17/03/2020 18:04:49 Error: Venta descargables no encontrada en CRM.
17/03/2020 18:04:49 Error: Venta 909242582 ya ha sido importada anteriormente con la factura LINIO 1918 cancelada
